<?xml version="1.0" encoding="UTF-8"?>
<testng-results ignored="0" total="1" passed="1" failed="0" skipped="0">
  <reporter-output>
    <line>
      <![CDATA[navigate to astroyogi page]]>
    </line>
  </reporter-output>
  <suite started-at="2023-07-19T14:04:17 IST" name="Default suite" finished-at="2023-07-19T14:04:28 IST" duration-ms="11433">
    <groups>
    </groups>
    <test started-at="2023-07-19T14:04:17 IST" name="Default test" finished-at="2023-07-19T14:04:28 IST" duration-ms="11433">
      <class name="testClass.NewTest">
        <test-method is-config="true" signature="stepsToLaunch()[pri:0, instance:testClass.NewTest@6580cfdd]" started-at="2023-07-19T14:04:17 IST" name="stepsToLaunch" finished-at="2023-07-19T14:04:23 IST" duration-ms="6582" status="PASS">
          <reporter-output>
            <line>
              <![CDATA[navigate to astroyogi page]]>
            </line>
          </reporter-output>
        </test-method> <!-- stepsToLaunch -->
        <test-method signature="f()[pri:0, instance:testClass.NewTest@6580cfdd]" started-at="2023-07-19T14:04:23 IST" name="f" finished-at="2023-07-19T14:04:28 IST" duration-ms="4788" status="PASS">
          <reporter-output>
          </reporter-output>
        </test-method> <!-- f -->
      </class> <!-- testClass.NewTest -->
    </test> <!-- Default test -->
  </suite> <!-- Default suite -->
</testng-results>
