<?xml version="1.0" encoding="UTF-8"?>
<testng-results ignored="0" total="1" passed="0" failed="1" skipped="0">
  <reporter-output>
    <line>
      <![CDATA[navigate to astroyogi page]]>
    </line>
    <line>
      <![CDATA[click on More ]]>
    </line>
    <line>
      <![CDATA[click On Match Making]]>
    </line>
    <line>
      <![CDATA[]]>
    </line>
    <line>
      <![CDATA[click on date]]>
    </line>
    <line>
      <![CDATA[ date enter is 31]]>
    </line>
    <line>
      <![CDATA[select month is 12]]>
    </line>
    <line>
      <![CDATA[ select year is 1996]]>
    </line>
    <line>
      <![CDATA[click on hour]]>
    </line>
    <line>
      <![CDATA[enter hour is 10 ]]>
    </line>
    <line>
      <![CDATA[enter time is 50]]>
    </line>
    <line>
      <![CDATA[select time is AM]]>
    </line>
    <line>
      <![CDATA[ enter birth Place is tokiyo]]>
    </line>
  </reporter-output>
  <suite started-at="2023-07-29T15:22:14 IST" name="Default suite" finished-at="2023-07-29T15:23:29 IST" duration-ms="75005">
    <groups>
    </groups>
    <test started-at="2023-07-29T15:22:14 IST" name="Default test" finished-at="2023-07-29T15:23:29 IST" duration-ms="75005">
      <class name="testClass.NewTest">
        <test-method is-config="true" signature="stepsToLaunch()[pri:0, instance:testClass.NewTest@1a451d4d]" started-at="2023-07-29T15:22:14 IST" name="stepsToLaunch" finished-at="2023-07-29T15:22:39 IST" duration-ms="24435" status="PASS">
          <reporter-output>
            <line>
              <![CDATA[navigate to astroyogi page]]>
            </line>
          </reporter-output>
        </test-method> <!-- stepsToLaunch -->
        <test-method signature="f()[pri:0, instance:testClass.NewTest@1a451d4d]" started-at="2023-07-29T15:22:39 IST" name="f" finished-at="2023-07-29T15:23:29 IST" duration-ms="50499" status="FAIL">
          <exception class="org.openqa.selenium.NoSuchElementException">
            <message>
              <![CDATA[no such element: Unable to locate element: {"method":"xpath","selector":"(//input[@class='kundli_form_input'])[2]"}
  (Session info: chrome=115.0.5790.110)
For documentation on this error, please visit: https://selenium.dev/exceptions/#no_such_element
Build info: version: '4.9.1', revision: 'eb2032df7f'
System info: os.name: 'Windows 11', os.arch: 'amd64', os.version: '10.0', java.version: '18.0.2.1'
Driver info: org.openqa.selenium.chrome.ChromeDriver
Command: [882d888ae3f4da6c255c0945483a7fc2, findElement {using=xpath, value=(//input[@class='kundli_form_input'])[2]}]
Capabilities {acceptInsecureCerts: false, browserName: chrome, browserVersion: 115.0.5790.110, chrome: {chromedriverVersion: 114.0.5735.90 (386bc09e8f4f..., userDataDir: C:\Users\SUHAS\AppData\Loca...}, goog:chromeOptions: {debuggerAddress: localhost:65063}, networkConnectionEnabled: false, pageLoadStrategy: normal, platformName: windows, proxy: Proxy(), se:cdp: ws://localhost:65063/devtoo..., se:cdpVersion: 115.0.5790.110, setWindowRect: true, strictFileInteractability: false, timeouts: {implicit: 0, pageLoad: 300000, script: 30000}, unhandledPromptBehavior: dismiss and notify, webauthn:extension:credBlob: true, webauthn:extension:largeBlob: true, webauthn:extension:minPinLength: true, webauthn:extension:prf: true, webauthn:virtualAuthenticators: true}
Session ID: 882d888ae3f4da6c255c0945483a7fc2]]>
            </message>
            <full-stacktrace>
              <![CDATA[org.openqa.selenium.NoSuchElementException: no such element: Unable to locate element: {"method":"xpath","selector":"(//input[@class='kundli_form_input'])[2]"}
  (Session info: chrome=115.0.5790.110)
For documentation on this error, please visit: https://selenium.dev/exceptions/#no_such_element
Build info: version: '4.9.1', revision: 'eb2032df7f'
System info: os.name: 'Windows 11', os.arch: 'amd64', os.version: '10.0', java.version: '18.0.2.1'
Driver info: org.openqa.selenium.chrome.ChromeDriver
Command: [882d888ae3f4da6c255c0945483a7fc2, findElement {using=xpath, value=(//input[@class='kundli_form_input'])[2]}]
Capabilities {acceptInsecureCerts: false, browserName: chrome, browserVersion: 115.0.5790.110, chrome: {chromedriverVersion: 114.0.5735.90 (386bc09e8f4f..., userDataDir: C:\Users\SUHAS\AppData\Loca...}, goog:chromeOptions: {debuggerAddress: localhost:65063}, networkConnectionEnabled: false, pageLoadStrategy: normal, platformName: windows, proxy: Proxy(), se:cdp: ws://localhost:65063/devtoo..., se:cdpVersion: 115.0.5790.110, setWindowRect: true, strictFileInteractability: false, timeouts: {implicit: 0, pageLoad: 300000, script: 30000}, unhandledPromptBehavior: dismiss and notify, webauthn:extension:credBlob: true, webauthn:extension:largeBlob: true, webauthn:extension:minPinLength: true, webauthn:extension:prf: true, webauthn:virtualAuthenticators: true}
Session ID: 882d888ae3f4da6c255c0945483a7fc2
at java.base/jdk.internal.reflect.DirectConstructorHandleAccessor.newInstance(DirectConstructorHandleAccessor.java:67)
at java.base/java.lang.reflect.Constructor.newInstanceWithCaller(Constructor.java:499)
at java.base/java.lang.reflect.Constructor.newInstance(Constructor.java:483)
at org.openqa.selenium.remote.codec.w3c.W3CHttpResponseCodec.createException(W3CHttpResponseCodec.java:200)
at org.openqa.selenium.remote.codec.w3c.W3CHttpResponseCodec.decode(W3CHttpResponseCodec.java:133)
at org.openqa.selenium.remote.codec.w3c.W3CHttpResponseCodec.decode(W3CHttpResponseCodec.java:53)
at org.openqa.selenium.remote.HttpCommandExecutor.execute(HttpCommandExecutor.java:193)
at org.openqa.selenium.remote.service.DriverCommandExecutor.invokeExecute(DriverCommandExecutor.java:183)
at org.openqa.selenium.remote.service.DriverCommandExecutor.execute(DriverCommandExecutor.java:158)
at org.openqa.selenium.remote.RemoteWebDriver.execute(RemoteWebDriver.java:543)
at org.openqa.selenium.remote.ElementLocation$ElementFinder$2.findElement(ElementLocation.java:162)
at org.openqa.selenium.remote.ElementLocation.findElement(ElementLocation.java:60)
at org.openqa.selenium.remote.RemoteWebDriver.findElement(RemoteWebDriver.java:352)
at org.openqa.selenium.remote.RemoteWebDriver.findElement(RemoteWebDriver.java:344)
at org.openqa.selenium.support.pagefactory.DefaultElementLocator.findElement(DefaultElementLocator.java:70)
at org.openqa.selenium.support.pagefactory.internal.LocatingElementHandler.invoke(LocatingElementHandler.java:39)
at jdk.proxy2/jdk.proxy2.$Proxy15.sendKeys(Unknown Source)
at pomClasses.girlKundliMatch.enterNameOfgirl(girlKundliMatch.java:36)
at testClass.NewTest.f(NewTest.java:45)
at java.base/jdk.internal.reflect.DirectMethodHandleAccessor.invoke(DirectMethodHandleAccessor.java:104)
at java.base/java.lang.reflect.Method.invoke(Method.java:577)
at org.testng.internal.MethodInvocationHelper.invokeMethod(MethodInvocationHelper.java:133)
at org.testng.internal.TestInvoker.invokeMethod(TestInvoker.java:598)
at org.testng.internal.TestInvoker.invokeTestMethod(TestInvoker.java:173)
at org.testng.internal.MethodRunner.runInSequence(MethodRunner.java:46)
at org.testng.internal.TestInvoker$MethodInvocationAgent.invoke(TestInvoker.java:824)
at org.testng.internal.TestInvoker.invokeTestMethods(TestInvoker.java:146)
at org.testng.internal.TestMethodWorker.invokeTestMethods(TestMethodWorker.java:146)
at org.testng.internal.TestMethodWorker.run(TestMethodWorker.java:128)
at java.base/java.util.ArrayList.forEach(ArrayList.java:1511)
at org.testng.TestRunner.privateRun(TestRunner.java:794)
at org.testng.TestRunner.run(TestRunner.java:596)
at org.testng.SuiteRunner.runTest(SuiteRunner.java:377)
at org.testng.SuiteRunner.runSequentially(SuiteRunner.java:371)
at org.testng.SuiteRunner.privateRun(SuiteRunner.java:332)
at org.testng.SuiteRunner.run(SuiteRunner.java:276)
at org.testng.SuiteRunnerWorker.runSuite(SuiteRunnerWorker.java:53)
at org.testng.SuiteRunnerWorker.run(SuiteRunnerWorker.java:96)
at org.testng.TestNG.runSuitesSequentially(TestNG.java:1212)
at org.testng.TestNG.runSuitesLocally(TestNG.java:1134)
at org.testng.TestNG.runSuites(TestNG.java:1063)
at org.testng.TestNG.run(TestNG.java:1031)
at org.testng.remote.AbstractRemoteTestNG.run(AbstractRemoteTestNG.java:115)
at org.testng.remote.RemoteTestNG.initAndRun(RemoteTestNG.java:251)
at org.testng.remote.RemoteTestNG.main(RemoteTestNG.java:77)
]]>
            </full-stacktrace>
          </exception> <!-- org.openqa.selenium.NoSuchElementException -->
          <reporter-output>
            <line>
              <![CDATA[click on More ]]>
            </line>
            <line>
              <![CDATA[click On Match Making]]>
            </line>
            <line>
              <![CDATA[]]>
            </line>
            <line>
              <![CDATA[click on date]]>
            </line>
            <line>
              <![CDATA[ date enter is 31]]>
            </line>
            <line>
              <![CDATA[select month is 12]]>
            </line>
            <line>
              <![CDATA[ select year is 1996]]>
            </line>
            <line>
              <![CDATA[click on hour]]>
            </line>
            <line>
              <![CDATA[enter hour is 10 ]]>
            </line>
            <line>
              <![CDATA[enter time is 50]]>
            </line>
            <line>
              <![CDATA[select time is AM]]>
            </line>
            <line>
              <![CDATA[ enter birth Place is tokiyo]]>
            </line>
          </reporter-output>
        </test-method> <!-- f -->
      </class> <!-- testClass.NewTest -->
    </test> <!-- Default test -->
  </suite> <!-- Default suite -->
</testng-results>
