<?xml version="1.0" encoding="UTF-8"?>
<testng-results ignored="0" total="1" passed="1" failed="0" skipped="0">
  <reporter-output>
    <line>
      <![CDATA[launch the browser]]>
    </line>
    <line>
      <![CDATA[get text of logo]]>
    </line>
    <line>
      <![CDATA[click on health insurance]]>
    </line>
    <line>
      <![CDATA[click on spouse]]>
    </line>
    <line>
      <![CDATA[click on daughter]]>
    </line>
    <line>
      <![CDATA[click on cont]]>
    </line>
  </reporter-output>
  <suite started-at="2023-08-24T07:40:39 IST" name="Default suite" finished-at="2023-08-24T07:42:19 IST" duration-ms="99842">
    <groups>
    </groups>
    <test started-at="2023-08-24T07:40:39 IST" name="Default test" finished-at="2023-08-24T07:42:19 IST" duration-ms="99842">
      <class name="testClass.NewTest">
        <test-method is-config="true" signature="stepsToImplement()[pri:0, instance:testClass.NewTest@14dd9eb7]" started-at="2023-08-24T07:40:39 IST" name="stepsToImplement" finished-at="2023-08-24T07:41:23 IST" duration-ms="44665" status="PASS">
          <reporter-output>
            <line>
              <![CDATA[launch the browser]]>
            </line>
          </reporter-output>
        </test-method> <!-- stepsToImplement -->
        <test-method signature="f()[pri:0, instance:testClass.NewTest@14dd9eb7]" started-at="2023-08-24T07:41:23 IST" name="f" finished-at="2023-08-24T07:42:19 IST" duration-ms="55110" status="PASS">
          <reporter-output>
            <line>
              <![CDATA[get text of logo]]>
            </line>
            <line>
              <![CDATA[click on health insurance]]>
            </line>
            <line>
              <![CDATA[click on spouse]]>
            </line>
            <line>
              <![CDATA[click on daughter]]>
            </line>
            <line>
              <![CDATA[click on cont]]>
            </line>
          </reporter-output>
        </test-method> <!-- f -->
      </class> <!-- testClass.NewTest -->
    </test> <!-- Default test -->
  </suite> <!-- Default suite -->
</testng-results>
