<?xml version="1.0" encoding="UTF-8"?>
<testng-results ignored="0" total="1" passed="1" failed="0" skipped="0">
  <reporter-output>
    <line>
      <![CDATA[launch the Browser]]>
    </line>
    <line>
      <![CDATA[click on that pop up]]>
    </line>
    <line>
      <![CDATA[click on that products]]>
    </line>
    <line>
      <![CDATA[click on that products]]>
    </line>
    <line>
      <![CDATA[click on that products]]>
    </line>
    <line>
      <![CDATA[Click On products ]]>
    </line>
  </reporter-output>
  <suite started-at="2023-08-25T19:27:01 IST" name="Default suite" finished-at="2023-08-25T19:27:24 IST" duration-ms="22382">
    <groups>
    </groups>
    <test started-at="2023-08-25T19:27:01 IST" name="Default test" finished-at="2023-08-25T19:27:24 IST" duration-ms="22382">
      <class name="testClass.NewTest">
        <test-method is-config="true" signature="stepsToNavigate()[pri:0, instance:testClass.NewTest@7334aada]" started-at="2023-08-25T19:27:02 IST" name="stepsToNavigate" finished-at="2023-08-25T19:27:13 IST" duration-ms="11343" status="PASS">
          <reporter-output>
            <line>
              <![CDATA[launch the Browser]]>
            </line>
          </reporter-output>
        </test-method> <!-- stepsToNavigate -->
        <test-method signature="f()[pri:0, instance:testClass.NewTest@7334aada]" started-at="2023-08-25T19:27:13 IST" name="f" finished-at="2023-08-25T19:27:24 IST" duration-ms="10954" status="PASS">
          <reporter-output>
            <line>
              <![CDATA[click on that pop up]]>
            </line>
            <line>
              <![CDATA[click on that products]]>
            </line>
            <line>
              <![CDATA[click on that products]]>
            </line>
            <line>
              <![CDATA[click on that products]]>
            </line>
            <line>
              <![CDATA[Click On products ]]>
            </line>
          </reporter-output>
        </test-method> <!-- f -->
      </class> <!-- testClass.NewTest -->
    </test> <!-- Default test -->
  </suite> <!-- Default suite -->
</testng-results>
